This is pdfTeX, Version 3.14159265-2.6-1.40.20 (MiKTeX 2.9.7050 64-bit) (preloaded format=pdflatex 2019.5.24)  10 JUN 2019 21:31
entering extended mode
**./Graphs_Pt1.tex
(Graphs_Pt1.tex
LaTeX2e <2018-12-01>

(C:\Users\jwile\AppData\Roaming\MiKTeX\2.9\tex/latex/tufte-latex\tufte-handout.
cls
Document Class: tufte-handout 2015/06/21 v3.5.2 Tufte-handout class

(C:\Users\jwile\AppData\Roaming\MiKTeX\2.9\tex/latex/tufte-latex\tufte-common.d
ef
File: tufte-common.def 2015/06/21 v3.5.2 Common code for the Tufte-LaTeX styles

("C:\usr\MiKTeX 2.9\tex/latex/xkeyval\xkeyval.sty"
Package: xkeyval 2014/12/03 v2.7a package option processing (HA)
("C:\usr\MiKTeX 2.9\tex/generic/xkeyval\xkeyval.tex" ("C:\usr\MiKTeX 2.9\tex/ge
neric/xkeyval\xkvutils.tex"
\XKV@toks=\toks14
\XKV@tempa@toks=\toks15
("C:\usr\MiKTeX 2.9\tex/generic/xkeyval\keyval.tex"))
\XKV@depth=\count80
File: xkeyval.tex 2014/12/03 v2.7a key=value parser (HA)
)) (C:\Users\jwile\AppData\Roaming\MiKTeX\2.9\tex/latex/xifthen\xifthen.sty
Package: xifthen 2015/11/05 v1.4.0 Extended ifthen features
("C:\usr\MiKTeX 2.9\tex/latex/tools\calc.sty"
Package: calc 2017/05/25 v4.3 Infix arithmetic (KKT,FJ)
\calc@Acount=\count81
\calc@Bcount=\count82
\calc@Adimen=\dimen102
\calc@Bdimen=\dimen103
\calc@Askip=\skip41
\calc@Bskip=\skip42
LaTeX Info: Redefining \setlength on input line 80.
LaTeX Info: Redefining \addtolength on input line 81.
\calc@Ccount=\count83
\calc@Cskip=\skip43
) ("C:\usr\MiKTeX 2.9\tex/latex/base\ifthen.sty"
Package: ifthen 2014/09/29 v1.1c Standard LaTeX ifthen package (DPC)
) (C:\Users\jwile\AppData\Roaming\MiKTeX\2.9\tex/latex/ifmtarg\ifmtarg.sty
Package: ifmtarg 2018/04/16 v1.2b check for an empty argument
)) (C:\Users\jwile\AppData\Roaming\MiKTeX\2.9\tex/latex/hardwrap\hardwrap.sty
Package: hardwrap 2011/02/12 v0.2 Hard wrap messages
(C:\Users\jwile\AppData\Roaming\MiKTeX\2.9\tex/latex/ifplatform\ifplatform.sty
Package: ifplatform 2017/10/13 v0.4a Testing for the operating system
("C:\usr\MiKTeX 2.9\tex/latex/tools\shellesc.sty"
Package: shellesc 2016/06/07 v0.02a unified shell escape interface for LaTeX
Package shellesc Info: Restricted shell escape enabled on input line 69.
) ("C:\usr\MiKTeX 2.9\tex/generic/oberdiek\pdftexcmds.sty"
Package: pdftexcmds 2018/09/10 v0.29 Utility functions of pdfTeX for LuaTeX (HO
)
("C:\usr\MiKTeX 2.9\tex/generic/oberdiek\infwarerr.sty"
Package: infwarerr 2016/05/16 v1.4 Providing info/warning/error messages (HO)
) ("C:\usr\MiKTeX 2.9\tex/generic/oberdiek\ifluatex.sty"
Package: ifluatex 2016/05/16 v1.4 Provides the ifluatex switch (HO)
Package ifluatex Info: LuaTeX not detected.
) ("C:\usr\MiKTeX 2.9\tex/generic/oberdiek\ltxcmds.sty"
Package: ltxcmds 2016/05/16 v1.23 LaTeX kernel commands for general use (HO)
) ("C:\usr\MiKTeX 2.9\tex/generic/oberdiek\ifpdf.sty"
Package: ifpdf 2018/09/07 v3.3 Provides the ifpdf switch
)
Package pdftexcmds Info: LuaTeX not detected.
Package pdftexcmds Info: \pdf@primitive is available.
Package pdftexcmds Info: \pdf@ifprimitive is available.
Package pdftexcmds Info: \pdfdraftmode found.
) ("C:\usr\MiKTeX 2.9\tex/generic/oberdiek\catchfile.sty"
Package: catchfile 2016/05/16 v1.7 Catch the contents of a file (HO)
("C:\usr\MiKTeX 2.9\tex/generic/oberdiek\etexcmds.sty"
Package: etexcmds 2016/05/16 v1.6 Avoid name clashes with e-TeX commands (HO)
))

Package ifplatform Warning: 
    shell escape is disabled, so I can only detect \ifwindows.

) ("C:\usr\MiKTeX 2.9\tex/generic/ifxetex\ifxetex.sty"
Package: ifxetex 2010/09/12 v0.6 Provides ifxetex conditional
)
\hw@charcount=\count84
\hw@wordcount=\count85
\hw@maxprintline=\count86
)
Class tufte-handout Info: Loading the base class `article'
("C:\usr\MiKTeX 2.9\tex/latex/base\article.cls"
Document Class: article 2018/09/03 v1.4i Standard LaTeX document class
("C:\usr\MiKTeX 2.9\tex/latex/base\size10.clo"
File: size10.clo 2018/09/03 v1.4i Standard LaTeX file (size option)
)
\c@part=\count87
\c@section=\count88
\c@subsection=\count89
\c@subsubsection=\count90
\c@paragraph=\count91
\c@subparagraph=\count92
\c@figure=\count93
\c@table=\count94
\abovecaptionskip=\skip44
\belowcaptionskip=\skip45
\bibindent=\dimen104
) (C:\Users\jwile\AppData\Roaming\MiKTeX\2.9\tex/latex/titlesec\titlesec.sty
Package: titlesec 2016/03/21 v2.10.2 Sectioning titles
\ttl@box=\box27
\beforetitleunit=\skip46
\aftertitleunit=\skip47
\ttl@plus=\dimen105
\ttl@minus=\dimen106
\ttl@toksa=\toks16
\titlewidth=\dimen107
\titlewidthlast=\dimen108
\titlewidthfirst=\dimen109
) (C:\Users\jwile\AppData\Roaming\MiKTeX\2.9\tex/latex/titlesec\titletoc.sty
Package: titletoc 2011/12/15 v1.6 TOC entries
\ttl@leftsep=\dimen110
) ("C:\usr\MiKTeX 2.9\tex/latex/hyperref\hyperref.sty"
Package: hyperref 2018/11/30 v6.88e Hypertext links for LaTeX
("C:\usr\MiKTeX 2.9\tex/generic/oberdiek\hobsub-hyperref.sty"
Package: hobsub-hyperref 2016/05/16 v1.14 Bundle oberdiek, subset hyperref (HO)

("C:\usr\MiKTeX 2.9\tex/generic/oberdiek\hobsub-generic.sty"
Package: hobsub-generic 2016/05/16 v1.14 Bundle oberdiek, subset generic (HO)
Package: hobsub 2016/05/16 v1.14 Construct package bundles (HO)
Package hobsub Info: Skipping package `infwarerr' (already loaded).
Package hobsub Info: Skipping package `ltxcmds' (already loaded).
Package hobsub Info: Skipping package `ifluatex' (already loaded).
Package: ifvtex 2016/05/16 v1.6 Detect VTeX and its facilities (HO)
Package ifvtex Info: VTeX not detected.
Package: intcalc 2016/05/16 v1.2 Expandable calculations with integers (HO)
Package hobsub Info: Skipping package `ifpdf' (already loaded).
Package hobsub Info: Skipping package `etexcmds' (already loaded).
Package: kvsetkeys 2016/05/16 v1.17 Key value parser (HO)
Package: kvdefinekeys 2016/05/16 v1.4 Define keys (HO)
Package hobsub Info: Skipping package `pdftexcmds' (already loaded).
Package: pdfescape 2016/05/16 v1.14 Implements pdfTeX's escape features (HO)
Package: bigintcalc 2016/05/16 v1.4 Expandable calculations on big integers (HO
)
Package: bitset 2016/05/16 v1.2 Handle bit-vector datatype (HO)
Package: uniquecounter 2016/05/16 v1.3 Provide unlimited unique counter (HO)
)
Package hobsub Info: Skipping package `hobsub' (already loaded).
Package: letltxmacro 2016/05/16 v1.5 Let assignment for LaTeX macros (HO)
Package: hopatch 2016/05/16 v1.3 Wrapper for package hooks (HO)
Package: xcolor-patch 2016/05/16 xcolor patch
Package: atveryend 2016/05/16 v1.9 Hooks at the very end of document (HO)
Package atveryend Info: \enddocument detected (standard20110627).
Package: atbegshi 2016/06/09 v1.18 At begin shipout hook (HO)
Package: refcount 2016/05/16 v3.5 Data extraction from label references (HO)
Package: hycolor 2016/05/16 v1.8 Color options for hyperref/bookmark (HO)
) ("C:\usr\MiKTeX 2.9\tex/latex/oberdiek\auxhook.sty"
Package: auxhook 2016/05/16 v1.4 Hooks for auxiliary files (HO)
) ("C:\usr\MiKTeX 2.9\tex/latex/oberdiek\kvoptions.sty"
Package: kvoptions 2016/05/16 v3.12 Key value format for package options (HO)
)
\@linkdim=\dimen111
\Hy@linkcounter=\count95
\Hy@pagecounter=\count96
("C:\usr\MiKTeX 2.9\tex/latex/hyperref\pd1enc.def"
File: pd1enc.def 2018/11/30 v6.88e Hyperref: PDFDocEncoding definition (HO)
Now handling font encoding PD1 ...
... no UTF-8 mapping file for font encoding PD1
)
\Hy@SavedSpaceFactor=\count97
("C:\usr\MiKTeX 2.9\tex/latex/00miktex\hyperref.cfg"
File: hyperref.cfg 2002/06/06 v1.2 hyperref configuration of TeXLive
)
Package hyperref Info: Option `unicode' set `true' on input line 4393.
("C:\usr\MiKTeX 2.9\tex/latex/hyperref\puenc.def"
File: puenc.def 2018/11/30 v6.88e Hyperref: PDF Unicode definition (HO)
Now handling font encoding PU ...
... no UTF-8 mapping file for font encoding PU
)
Package hyperref Info: Option `hyperfootnotes' set `false' on input line 4393.
Package hyperref Info: Hyper figures OFF on input line 4519.
Package hyperref Info: Link nesting OFF on input line 4524.
Package hyperref Info: Hyper index ON on input line 4527.
Package hyperref Info: Plain pages OFF on input line 4534.
Package hyperref Info: Backreferencing OFF on input line 4539.
Package hyperref Info: Implicit mode ON; LaTeX internals redefined.
Package hyperref Info: Bookmarks ON on input line 4772.
\c@Hy@tempcnt=\count98
(C:\Users\jwile\AppData\Roaming\MiKTeX\2.9\tex/latex/url\url.sty
\Urlmuskip=\muskip10
Package: url 2013/09/16  ver 3.4  Verb mode for urls, etc.
)
LaTeX Info: Redefining \url on input line 5125.
\XeTeXLinkMargin=\dimen112
\Fld@menulength=\count99
\Field@Width=\dimen113
\Fld@charsize=\dimen114
Package hyperref Info: Hyper figures OFF on input line 6380.
Package hyperref Info: Link nesting OFF on input line 6385.
Package hyperref Info: Hyper index ON on input line 6388.
Package hyperref Info: backreferencing OFF on input line 6395.
Package hyperref Info: Link coloring OFF on input line 6400.
Package hyperref Info: Link coloring with OCG OFF on input line 6405.
Package hyperref Info: PDF/A mode OFF on input line 6410.
LaTeX Info: Redefining \ref on input line 6450.
LaTeX Info: Redefining \pageref on input line 6454.
\Hy@abspage=\count100
\c@Item=\count101
)
Package hyperref Info: Driver (autodetected): hpdftex.
("C:\usr\MiKTeX 2.9\tex/latex/hyperref\hpdftex.def"
File: hpdftex.def 2018/11/30 v6.88e Hyperref driver for pdfTeX
\Fld@listcount=\count102
\c@bookmark@seq@number=\count103
("C:\usr\MiKTeX 2.9\tex/latex/oberdiek\rerunfilecheck.sty"
Package: rerunfilecheck 2016/05/16 v1.8 Rerun checks for auxiliary files (HO)
Package uniquecounter Info: New unique counter `rerunfilecheck' on input line 2
82.
)
\Hy@SectionHShift=\skip48
) (C:\Users\jwile\AppData\Roaming\MiKTeX\2.9\tex/latex/ms\ragged2e.sty
Package: ragged2e 2009/05/21 v2.1 ragged2e Package (MS)
(C:\Users\jwile\AppData\Roaming\MiKTeX\2.9\tex/latex/ms\everysel.sty
Package: everysel 2011/10/28 v1.2 EverySelectfont Package (MS)
)
\CenteringLeftskip=\skip49
\RaggedLeftLeftskip=\skip50
\RaggedRightLeftskip=\skip51
\CenteringRightskip=\skip52
\RaggedLeftRightskip=\skip53
\RaggedRightRightskip=\skip54
\CenteringParfillskip=\skip55
\RaggedLeftParfillskip=\skip56
\RaggedRightParfillskip=\skip57
\JustifyingParfillskip=\skip58
\CenteringParindent=\skip59
\RaggedLeftParindent=\skip60
\RaggedRightParindent=\skip61
\JustifyingParindent=\skip62
) ("C:\usr\MiKTeX 2.9\tex/latex/geometry\geometry.sty"
Package: geometry 2018/04/16 v5.8 Page Geometry
\Gm@cnth=\count104
\Gm@cntv=\count105
\c@Gm@tempcnt=\count106
\Gm@bindingoffset=\dimen115
\Gm@wd@mp=\dimen116
\Gm@odd@mp=\dimen117
\Gm@even@mp=\dimen118
\Gm@layoutwidth=\dimen119
\Gm@layoutheight=\dimen120
\Gm@layouthoffset=\dimen121
\Gm@layoutvoffset=\dimen122
\Gm@dimlist=\toks17
("C:\usr\MiKTeX 2.9\tex/latex/geometry\geometry.cfg")) (C:\Users\jwile\AppData\
Roaming\MiKTeX\2.9\tex/latex/changepage\changepage.sty
Package: changepage 2009/10/20 v1.0c check page and change page layout
\c@cp@cntr=\count107
\cp@tempcnt=\count108
)
\@tufte@overhang=\skip63
\@tufte@fullwidth=\skip64
\@tufte@caption@fill=\skip65
(C:\Users\jwile\AppData\Roaming\MiKTeX\2.9\tex/latex/paralist\paralist.sty
Package: paralist 2017/01/22 v2.7 Extended list environments
\pltopsep=\skip66
\plpartopsep=\skip67
\plitemsep=\skip68
\plparsep=\skip69
\pl@lab=\toks18
) (C:\Users\jwile\AppData\Roaming\MiKTeX\2.9\tex/latex/textcase\textcase.sty
Package: textcase 2004/10/07 v0.07 Text only upper/lower case changing (DPC)
) (C:\Users\jwile\AppData\Roaming\MiKTeX\2.9\tex/latex/microtype\letterspace.st
y
Package: letterspace 2019/02/28 v2.7b Robust letterspacing (RS)
LaTeX Info: Redefining \lsstyle on input line 345.
LaTeX Info: Redefining \lslig on input line 346.
LaTeX Info: Redefining \textls on input line 371.
\MT@outer@kern=\dimen123
) (C:\Users\jwile\AppData\Roaming\MiKTeX\2.9\tex/latex/setspace\setspace.sty
Package: setspace 2011/12/19 v6.7a set line spacing
) (C:\Users\jwile\AppData\Roaming\MiKTeX\2.9\tex/latex/xcolor\xcolor.sty
Package: xcolor 2016/05/11 v2.12 LaTeX color extensions (UK)
("C:\usr\MiKTeX 2.9\tex/latex/graphics-cfg\color.cfg"
File: color.cfg 2016/01/02 v1.6 sample color configuration
)
Package xcolor Info: Package option `usenames' ignored on input line 216.
Package xcolor Info: Driver file: pdftex.def on input line 225.
("C:\usr\MiKTeX 2.9\tex/latex/graphics-def\pdftex.def"
File: pdftex.def 2018/01/08 v1.0l Graphics/color driver for pdftex
)
Package xcolor Info: Model `cmy' substituted by `cmy0' on input line 1348.
Package xcolor Info: Model `hsb' substituted by `rgb' on input line 1352.
Package xcolor Info: Model `RGB' extended on input line 1364.
Package xcolor Info: Model `HTML' substituted by `rgb' on input line 1366.
Package xcolor Info: Model `Hsb' substituted by `hsb' on input line 1367.
Package xcolor Info: Model `tHsb' substituted by `hsb' on input line 1368.
Package xcolor Info: Model `HSB' substituted by `hsb' on input line 1369.
Package xcolor Info: Model `Gray' substituted by `gray' on input line 1370.
Package xcolor Info: Model `wave' substituted by `hsb' on input line 1371.
("C:\usr\MiKTeX 2.9\tex/latex/graphics\dvipsnam.def"
File: dvipsnam.def 2016/06/17 v3.0m Driver-dependent file (DPC,SPQR)
) (C:\Users\jwile\AppData\Roaming\MiKTeX\2.9\tex/latex/xcolor\svgnam.def
File: svgnam.def 2016/05/11 v2.12 Predefined colors according to SVG 1.1 (UK)
)) (C:\Users\jwile\AppData\Roaming\MiKTeX\2.9\tex/latex/natbib\natbib.sty
Package: natbib 2010/09/13 8.31b (PWD, AO)
\bibhang=\skip70
\bibsep=\skip71
LaTeX Info: Redefining \cite on input line 694.
\c@NAT@ctr=\count109
) (C:\Users\jwile\AppData\Roaming\MiKTeX\2.9\tex/latex/natbib\bibentry.sty
Package: bibentry 2007/10/30 1.5 (PWD)
)
No file Graphs_Pt1.bbl.
\c@@tufte@num@bibkeys=\count110
(C:\Users\jwile\AppData\Roaming\MiKTeX\2.9\tex/latex/sauerj\optparams.sty
Package: optparams 2004/08/14 v0.9 multiple optional parameters in macros
)
\@tufte@sidenote@vertical@offset=\skip72
(C:\Users\jwile\AppData\Roaming\MiKTeX\2.9\tex/latex/placeins\placeins.sty
Package: placeins 2005/04/18  v 2.2
)
\@tufte@margin@floatbox=\box28
\@tufte@figure@box=\box29
\@tufte@caption@box=\box30
\@tufte@caption@vertical@offset=\skip73
\@tufte@float@contents@width=\skip74
("C:\usr\MiKTeX 2.9\tex/latex/psnfss\mathpazo.sty"
Package: mathpazo 2005/04/12 PSNFSS-v9.2a Palatino w/ Pazo Math (D.Puga, WaS) 
\symupright=\mathgroup4
) ("C:\usr\MiKTeX 2.9\tex/latex/psnfss\helvet.sty"
Package: helvet 2005/04/12 PSNFSS-v9.2a (WaS) 
) (C:\Users\jwile\AppData\Roaming\MiKTeX\2.9\tex/latex/bera\beramono.sty
Package: beramono 2004/01/31 (WaS)
) ("C:\usr\MiKTeX 2.9\tex/latex/base\fontenc.sty"
Package: fontenc 2018/08/11 v2.0j Standard LaTeX package
("C:\usr\MiKTeX 2.9\tex/latex/base\t1enc.def"
File: t1enc.def 2018/08/11 v2.0j Standard LaTeX file
LaTeX Font Info:    Redeclaring font encoding T1 on input line 48.
)) ("C:\usr\MiKTeX 2.9\tex/latex/base\textcomp.sty"
Package: textcomp 2018/08/11 v2.0j Standard LaTeX package
Package textcomp Info: Sub-encoding information:
(textcomp)               5 = only ISO-Adobe without \textcurrency
(textcomp)               4 = 5 + \texteuro
(textcomp)               3 = 4 + \textohm
(textcomp)               2 = 3 + \textestimated + \textcurrency
(textcomp)               1 = TS1 - \textcircled - \t
(textcomp)               0 = TS1 (full)
(textcomp)             Font families with sub-encoding setting implement
(textcomp)             only a restricted character set as indicated.
(textcomp)             Family '?' is the default used for unknown fonts.
(textcomp)             See the documentation for details.
Package textcomp Info: Setting ? sub-encoding to TS1/1 on input line 79.
("C:\usr\MiKTeX 2.9\tex/latex/base\ts1enc.def"
File: ts1enc.def 2001/06/05 v3.0e (jk/car/fm) Standard LaTeX file
Now handling font encoding TS1 ...
... processing UTF-8 mapping file for font encoding TS1
("C:\usr\MiKTeX 2.9\tex/latex/base\ts1enc.dfu"
File: ts1enc.dfu 2018/10/05 v1.2f UTF-8 support for inputenc
   defining Unicode char U+00A2 (decimal 162)
   defining Unicode char U+00A3 (decimal 163)
   defining Unicode char U+00A4 (decimal 164)
   defining Unicode char U+00A5 (decimal 165)
   defining Unicode char U+00A6 (decimal 166)
   defining Unicode char U+00A7 (decimal 167)
   defining Unicode char U+00A8 (decimal 168)
   defining Unicode char U+00A9 (decimal 169)
   defining Unicode char U+00AA (decimal 170)
   defining Unicode char U+00AC (decimal 172)
   defining Unicode char U+00AE (decimal 174)
   defining Unicode char U+00AF (decimal 175)
   defining Unicode char U+00B0 (decimal 176)
   defining Unicode char U+00B1 (decimal 177)
   defining Unicode char U+00B2 (decimal 178)
   defining Unicode char U+00B3 (decimal 179)
   defining Unicode char U+00B4 (decimal 180)
   defining Unicode char U+00B5 (decimal 181)
   defining Unicode char U+00B6 (decimal 182)
   defining Unicode char U+00B7 (decimal 183)
   defining Unicode char U+00B9 (decimal 185)
   defining Unicode char U+00BA (decimal 186)
   defining Unicode char U+00BC (decimal 188)
   defining Unicode char U+00BD (decimal 189)
   defining Unicode char U+00BE (decimal 190)
   defining Unicode char U+00D7 (decimal 215)
   defining Unicode char U+00F7 (decimal 247)
   defining Unicode char U+0192 (decimal 402)
   defining Unicode char U+02C7 (decimal 711)
   defining Unicode char U+02D8 (decimal 728)
   defining Unicode char U+02DD (decimal 733)
   defining Unicode char U+0E3F (decimal 3647)
   defining Unicode char U+2016 (decimal 8214)
   defining Unicode char U+2020 (decimal 8224)
   defining Unicode char U+2021 (decimal 8225)
   defining Unicode char U+2022 (decimal 8226)
   defining Unicode char U+2030 (decimal 8240)
   defining Unicode char U+2031 (decimal 8241)
   defining Unicode char U+203B (decimal 8251)
   defining Unicode char U+203D (decimal 8253)
   defining Unicode char U+2044 (decimal 8260)
   defining Unicode char U+204E (decimal 8270)
   defining Unicode char U+2052 (decimal 8274)
   defining Unicode char U+20A1 (decimal 8353)
   defining Unicode char U+20A4 (decimal 8356)
   defining Unicode char U+20A6 (decimal 8358)
   defining Unicode char U+20A9 (decimal 8361)
   defining Unicode char U+20AB (decimal 8363)
   defining Unicode char U+20AC (decimal 8364)
   defining Unicode char U+20B1 (decimal 8369)
   defining Unicode char U+2103 (decimal 8451)
   defining Unicode char U+2116 (decimal 8470)
   defining Unicode char U+2117 (decimal 8471)
   defining Unicode char U+211E (decimal 8478)
   defining Unicode char U+2120 (decimal 8480)
   defining Unicode char U+2122 (decimal 8482)
   defining Unicode char U+2126 (decimal 8486)
   defining Unicode char U+2127 (decimal 8487)
   defining Unicode char U+212E (decimal 8494)
   defining Unicode char U+2190 (decimal 8592)
   defining Unicode char U+2191 (decimal 8593)
   defining Unicode char U+2192 (decimal 8594)
   defining Unicode char U+2193 (decimal 8595)
   defining Unicode char U+2329 (decimal 9001)
   defining Unicode char U+232A (decimal 9002)
   defining Unicode char U+2422 (decimal 9250)
   defining Unicode char U+25E6 (decimal 9702)
   defining Unicode char U+25EF (decimal 9711)
   defining Unicode char U+266A (decimal 9834)
   defining Unicode char U+FEFF (decimal 65279)
))
LaTeX Info: Redefining \oldstylenums on input line 334.
Package textcomp Info: Setting cmr sub-encoding to TS1/0 on input line 349.
Package textcomp Info: Setting cmss sub-encoding to TS1/0 on input line 350.
Package textcomp Info: Setting cmtt sub-encoding to TS1/0 on input line 351.
Package textcomp Info: Setting cmvtt sub-encoding to TS1/0 on input line 352.
Package textcomp Info: Setting cmbr sub-encoding to TS1/0 on input line 353.
Package textcomp Info: Setting cmtl sub-encoding to TS1/0 on input line 354.
Package textcomp Info: Setting ccr sub-encoding to TS1/0 on input line 355.
Package textcomp Info: Setting ptm sub-encoding to TS1/4 on input line 356.
Package textcomp Info: Setting pcr sub-encoding to TS1/4 on input line 357.
Package textcomp Info: Setting phv sub-encoding to TS1/4 on input line 358.
Package textcomp Info: Setting ppl sub-encoding to TS1/3 on input line 359.
Package textcomp Info: Setting pag sub-encoding to TS1/4 on input line 360.
Package textcomp Info: Setting pbk sub-encoding to TS1/4 on input line 361.
Package textcomp Info: Setting pnc sub-encoding to TS1/4 on input line 362.
Package textcomp Info: Setting pzc sub-encoding to TS1/4 on input line 363.
Package textcomp Info: Setting bch sub-encoding to TS1/4 on input line 364.
Package textcomp Info: Setting put sub-encoding to TS1/5 on input line 365.
Package textcomp Info: Setting uag sub-encoding to TS1/5 on input line 366.
Package textcomp Info: Setting ugq sub-encoding to TS1/5 on input line 367.
Package textcomp Info: Setting ul8 sub-encoding to TS1/4 on input line 368.
Package textcomp Info: Setting ul9 sub-encoding to TS1/4 on input line 369.
Package textcomp Info: Setting augie sub-encoding to TS1/5 on input line 370.
Package textcomp Info: Setting dayrom sub-encoding to TS1/3 on input line 371.
Package textcomp Info: Setting dayroms sub-encoding to TS1/3 on input line 372.

Package textcomp Info: Setting pxr sub-encoding to TS1/0 on input line 373.
Package textcomp Info: Setting pxss sub-encoding to TS1/0 on input line 374.
Package textcomp Info: Setting pxtt sub-encoding to TS1/0 on input line 375.
Package textcomp Info: Setting txr sub-encoding to TS1/0 on input line 376.
Package textcomp Info: Setting txss sub-encoding to TS1/0 on input line 377.
Package textcomp Info: Setting txtt sub-encoding to TS1/0 on input line 378.
Package textcomp Info: Setting lmr sub-encoding to TS1/0 on input line 379.
Package textcomp Info: Setting lmdh sub-encoding to TS1/0 on input line 380.
Package textcomp Info: Setting lmss sub-encoding to TS1/0 on input line 381.
Package textcomp Info: Setting lmssq sub-encoding to TS1/0 on input line 382.
Package textcomp Info: Setting lmvtt sub-encoding to TS1/0 on input line 383.
Package textcomp Info: Setting lmtt sub-encoding to TS1/0 on input line 384.
Package textcomp Info: Setting qhv sub-encoding to TS1/0 on input line 385.
Package textcomp Info: Setting qag sub-encoding to TS1/0 on input line 386.
Package textcomp Info: Setting qbk sub-encoding to TS1/0 on input line 387.
Package textcomp Info: Setting qcr sub-encoding to TS1/0 on input line 388.
Package textcomp Info: Setting qcs sub-encoding to TS1/0 on input line 389.
Package textcomp Info: Setting qpl sub-encoding to TS1/0 on input line 390.
Package textcomp Info: Setting qtm sub-encoding to TS1/0 on input line 391.
Package textcomp Info: Setting qzc sub-encoding to TS1/0 on input line 392.
Package textcomp Info: Setting qhvc sub-encoding to TS1/0 on input line 393.
Package textcomp Info: Setting futs sub-encoding to TS1/4 on input line 394.
Package textcomp Info: Setting futx sub-encoding to TS1/4 on input line 395.
Package textcomp Info: Setting futj sub-encoding to TS1/4 on input line 396.
Package textcomp Info: Setting hlh sub-encoding to TS1/3 on input line 397.
Package textcomp Info: Setting hls sub-encoding to TS1/3 on input line 398.
Package textcomp Info: Setting hlst sub-encoding to TS1/3 on input line 399.
Package textcomp Info: Setting hlct sub-encoding to TS1/5 on input line 400.
Package textcomp Info: Setting hlx sub-encoding to TS1/5 on input line 401.
Package textcomp Info: Setting hlce sub-encoding to TS1/5 on input line 402.
Package textcomp Info: Setting hlcn sub-encoding to TS1/5 on input line 403.
Package textcomp Info: Setting hlcw sub-encoding to TS1/5 on input line 404.
Package textcomp Info: Setting hlcf sub-encoding to TS1/5 on input line 405.
Package textcomp Info: Setting pplx sub-encoding to TS1/3 on input line 406.
Package textcomp Info: Setting pplj sub-encoding to TS1/3 on input line 407.
Package textcomp Info: Setting ptmx sub-encoding to TS1/4 on input line 408.
Package textcomp Info: Setting ptmj sub-encoding to TS1/4 on input line 409.
) (C:\Users\jwile\AppData\Roaming\MiKTeX\2.9\tex/latex/fancyhdr\fancyhdr.sty
Package: fancyhdr 2019/01/31 v3.10 Extensive control of page headers and footer
s
\f@nch@headwidth=\skip75
\f@nch@O@elh=\skip76
\f@nch@O@erh=\skip77
\f@nch@O@olh=\skip78
\f@nch@O@orh=\skip79
\f@nch@O@elf=\skip80
\f@nch@O@erf=\skip81
\f@nch@O@olf=\skip82
\f@nch@O@orf=\skip83
)
\tufteskipamount=\skip84
("C:\usr\MiKTeX 2.9\tex/latex/tools\multicol.sty"
Package: multicol 2018/12/27 v1.8v multicolumn formatting (FMi)
\c@tracingmulticols=\count111
\mult@box=\box31
\multicol@leftmargin=\dimen124
\c@unbalance=\count112
\c@collectmore=\count113
\doublecol@number=\count114
\multicoltolerance=\count115
\multicolpretolerance=\count116
\full@width=\dimen125
\page@free=\dimen126
\premulticols=\dimen127
\postmulticols=\dimen128
\multicolsep=\skip85
\multicolbaselineskip=\skip86
\partial@page=\box32
\last@line=\box33
\maxbalancingoverflow=\dimen129
\mult@rightbox=\box34
\mult@grightbox=\box35
\mult@gfirstbox=\box36
\mult@firstbox=\box37
\@tempa=\box38
\@tempa=\box39
\@tempa=\box40
\@tempa=\box41
\@tempa=\box42
\@tempa=\box43
\@tempa=\box44
\@tempa=\box45
\@tempa=\box46
\@tempa=\box47
\@tempa=\box48
\@tempa=\box49
\@tempa=\box50
\@tempa=\box51
\@tempa=\box52
\@tempa=\box53
\@tempa=\box54
\c@columnbadness=\count117
\c@finalcolumnbadness=\count118
\last@try=\dimen130
\multicolovershoot=\dimen131
\multicolundershoot=\dimen132
\mult@nat@firstbox=\box55
\colbreak@box=\box56
\mc@col@check@num=\count119
))) ("C:\usr\MiKTeX 2.9\tex/latex/amsfonts\amssymb.sty"
Package: amssymb 2013/01/14 v3.01 AMS font symbols
("C:\usr\MiKTeX 2.9\tex/latex/amsfonts\amsfonts.sty"
Package: amsfonts 2013/01/14 v3.01 Basic AMSFonts support
\@emptytoks=\toks19
\symAMSa=\mathgroup5
\symAMSb=\mathgroup6
LaTeX Font Info:    Overwriting math alphabet `\mathfrak' in version `bold'
(Font)                  U/euf/m/n --> U/euf/b/n on input line 106.
)) ("C:\usr\MiKTeX 2.9\tex/latex/amsmath\amsmath.sty"
Package: amsmath 2018/12/01 v2.17b AMS math features
\@mathmargin=\skip87
For additional information on amsmath, use the `?' option.
("C:\usr\MiKTeX 2.9\tex/latex/amsmath\amstext.sty"
Package: amstext 2000/06/29 v2.01 AMS text
("C:\usr\MiKTeX 2.9\tex/latex/amsmath\amsgen.sty"
File: amsgen.sty 1999/11/30 v2.0 generic functions
\@emptytoks=\toks20
\ex@=\dimen133
)) ("C:\usr\MiKTeX 2.9\tex/latex/amsmath\amsbsy.sty"
Package: amsbsy 1999/11/29 v1.2d Bold Symbols
\pmbraise@=\dimen134
) ("C:\usr\MiKTeX 2.9\tex/latex/amsmath\amsopn.sty"
Package: amsopn 2016/03/08 v2.02 operator names
)
\inf@bad=\count120
LaTeX Info: Redefining \frac on input line 223.
\uproot@=\count121
\leftroot@=\count122
LaTeX Info: Redefining \overline on input line 385.
\classnum@=\count123
\DOTSCASE@=\count124
LaTeX Info: Redefining \ldots on input line 482.
LaTeX Info: Redefining \dots on input line 485.
LaTeX Info: Redefining \cdots on input line 606.
\Mathstrutbox@=\box57
\strutbox@=\box58
\big@size=\dimen135
LaTeX Font Info:    Redeclaring font encoding OML on input line 729.
LaTeX Font Info:    Redeclaring font encoding OMS on input line 730.
\macc@depth=\count125
\c@MaxMatrixCols=\count126
\dotsspace@=\muskip11
\c@parentequation=\count127
\dspbrk@lvl=\count128
\tag@help=\toks21
\row@=\count129
\column@=\count130
\maxfields@=\count131
\andhelp@=\toks22
\eqnshift@=\dimen136
\alignsep@=\dimen137
\tagshift@=\dimen138
\tagwidth@=\dimen139
\totwidth@=\dimen140
\lineht@=\dimen141
\@envbody=\toks23
\multlinegap=\skip88
\multlinetaggap=\skip89
\mathdisplay@stack=\toks24
LaTeX Info: Redefining \[ on input line 2844.
LaTeX Info: Redefining \] on input line 2845.
) ("C:\usr\MiKTeX 2.9\tex/latex/base\fixltx2e.sty"
Package: fixltx2e 2016/12/29 v2.1a fixes to LaTeX (obsolete)
Applying: [2015/01/01] Old fixltx2e package on input line 46.

Package fixltx2e Warning: fixltx2e is not required with releases after 2015
(fixltx2e)                All fixes are now in the LaTeX kernel.
(fixltx2e)                See the latexrelease package for details.

Already applied: [0000/00/00] Old fixltx2e package on input line 53.
) ("C:\usr\MiKTeX 2.9\tex/latex/base\fontenc.sty"
Package: fontenc 2018/08/11 v2.0j Standard LaTeX package
("C:\usr\MiKTeX 2.9\tex/latex/base\t1enc.def"
File: t1enc.def 2018/08/11 v2.0j Standard LaTeX file
LaTeX Font Info:    Redeclaring font encoding T1 on input line 48.
)) ("C:\usr\MiKTeX 2.9\tex/latex/base\inputenc.sty"
Package: inputenc 2018/08/11 v1.3c Input encoding file
\inpenc@prehook=\toks25
\inpenc@posthook=\toks26
) ("C:\usr\MiKTeX 2.9\tex/latex/graphics\graphicx.sty"
Package: graphicx 2017/06/01 v1.1a Enhanced LaTeX Graphics (DPC,SPQR)
("C:\usr\MiKTeX 2.9\tex/latex/graphics\graphics.sty"
Package: graphics 2017/06/25 v1.2c Standard LaTeX Graphics (DPC,SPQR)
("C:\usr\MiKTeX 2.9\tex/latex/graphics\trig.sty"
Package: trig 2016/01/03 v1.10 sin cos tan (DPC)
) ("C:\usr\MiKTeX 2.9\tex/latex/graphics-cfg\graphics.cfg"
File: graphics.cfg 2016/06/04 v1.11 sample graphics configuration
)
Package graphics Info: Driver file: pdftex.def on input line 99.
)
\Gin@req@height=\dimen142
\Gin@req@width=\dimen143
) (C:\Users\jwile\AppData\Roaming\MiKTeX\2.9\tex/latex/booktabs\booktabs.sty
Package: booktabs 2005/04/14 v1.61803 publication quality tables
\heavyrulewidth=\dimen144
\lightrulewidth=\dimen145
\cmidrulewidth=\dimen146
\belowrulesep=\dimen147
\belowbottomsep=\dimen148
\aboverulesep=\dimen149
\abovetopsep=\dimen150
\cmidrulesep=\dimen151
\cmidrulekern=\dimen152
\defaultaddspace=\dimen153
\@cmidla=\count132
\@cmidlb=\count133
\@aboverulesep=\dimen154
\@belowrulesep=\dimen155
\@thisruleclass=\count134
\@lastruleclass=\count135
\@thisrulewidth=\dimen156
) (C:\Users\jwile\AppData\Roaming\MiKTeX\2.9\tex/latex/units\units.sty
Package: units 1998/08/04 v0.9b Typesetting units
(C:\Users\jwile\AppData\Roaming\MiKTeX\2.9\tex/latex/units\nicefrac.sty
Package: nicefrac 1998/08/04 v0.9b Nice fractions
\L@UnitsRaiseDisplaystyle=\skip90
\L@UnitsRaiseTextstyle=\skip91
\L@UnitsRaiseScriptstyle=\skip92
)) (C:\Users\jwile\AppData\Roaming\MiKTeX\2.9\tex/latex/fancyvrb\fancyvrb.sty
Package: fancyvrb 2019/01/15
Style option: `fancyvrb' v3.2a <2019/01/15> (tvz)
\FV@CodeLineNo=\count136
\FV@InFile=\read1
\FV@TabBox=\box59
\c@FancyVerbLine=\count137
\FV@StepNumber=\count138
\FV@OutFile=\write3
) (C:\Users\jwile\AppData\Roaming\MiKTeX\2.9\tex/latex/ulem\ulem.sty
\UL@box=\box60
\UL@hyphenbox=\box61
\UL@skip=\skip93
\UL@hook=\toks27
\UL@height=\dimen157
\UL@pe=\count139
\UL@pixel=\dimen158
\ULC@box=\box62
Package: ulem 2012/05/18
\ULdepth=\dimen159
) (C:\Users\jwile\AppData\Roaming\MiKTeX\2.9\tex/latex/morefloats\morefloats.st
y
Package: morefloats 2015/07/22 v1.0h Raise limit of unprocessed floats (HMM)
Package morefloats Info: Maximum number of possible floats asked for: 36
(morefloats)             (i.e. 18 more floats).
(morefloats)             LaTeX might run out of memory before this
(morefloats)             (in which case it will notify you).
) (Graphs_Pt1.aux)
\openout1 = `Graphs_Pt1.aux'.

LaTeX Font Info:    Checking defaults for OML/cmm/m/it on input line 108.
LaTeX Font Info:    ... okay on input line 108.
LaTeX Font Info:    Checking defaults for T1/cmr/m/n on input line 108.
LaTeX Font Info:    ... okay on input line 108.
LaTeX Font Info:    Checking defaults for OT1/cmr/m/n on input line 108.
LaTeX Font Info:    ... okay on input line 108.
LaTeX Font Info:    Checking defaults for OMS/cmsy/m/n on input line 108.
LaTeX Font Info:    ... okay on input line 108.
LaTeX Font Info:    Checking defaults for OMX/cmex/m/n on input line 108.
LaTeX Font Info:    ... okay on input line 108.
LaTeX Font Info:    Checking defaults for U/cmr/m/n on input line 108.
LaTeX Font Info:    ... okay on input line 108.
LaTeX Font Info:    Checking defaults for PD1/pdf/m/n on input line 108.
LaTeX Font Info:    ... okay on input line 108.
LaTeX Font Info:    Checking defaults for PU/pdf/m/n on input line 108.
LaTeX Font Info:    ... okay on input line 108.
LaTeX Font Info:    Checking defaults for TS1/cmr/m/n on input line 108.
LaTeX Font Info:    Try loading font information for TS1+cmr on input line 108.

("C:\usr\MiKTeX 2.9\tex/latex/base\ts1cmr.fd"
File: ts1cmr.fd 2014/09/29 v2.5h Standard LaTeX font definitions
)
LaTeX Font Info:    ... okay on input line 108.
LaTeX Font Info:    Try loading font information for T1+pplj on input line 108.

("C:\usr\MiKTeX 2.9\tex/latex/psnfss\t1pplj.fd"
File: t1pplj.fd 2004/09/06 font definitions for T1/pplj.
)
\AtBeginShipoutBox=\box63
Package hyperref Info: Link coloring OFF on input line 108.
("C:\usr\MiKTeX 2.9\tex/latex/hyperref\nameref.sty"
Package: nameref 2016/05/21 v2.44 Cross-referencing by name of section
("C:\usr\MiKTeX 2.9\tex/generic/oberdiek\gettitlestring.sty"
Package: gettitlestring 2016/05/16 v1.5 Cleanup title references (HO)
)
\c@section@level=\count140
)
LaTeX Info: Redefining \ref on input line 108.
LaTeX Info: Redefining \pageref on input line 108.
LaTeX Info: Redefining \nameref on input line 108.
(Graphs_Pt1.out) (Graphs_Pt1.out)
\@outlinefile=\write4
\openout4 = `Graphs_Pt1.out'.

ABD: EverySelectfont initializing macros
LaTeX Info: Redefining \selectfont on input line 108.
*geometry* driver: auto-detecting
*geometry* detected driver: pdftex
*geometry* verbose mode - [ preamble ] result:
* driver: pdftex
* paper: letterpaper
* layout: <same size as paper>
* layoutoffset:(h,v)=(0.0pt,0.0pt)
* modes: twoside asymmetric 
* h-part:(L,W,R)=(72.26999pt, 312.0pt, 230.02501pt)
* v-part:(T,H,B)=(72.26999pt, 616.0pt, 106.7pt)
* \paperwidth=614.295pt
* \paperheight=794.96999pt
* \textwidth=312.0pt
* \textheight=616.0pt
* \oddsidemargin=0.0pt
* \evensidemargin=0.0pt
* \topmargin=-42.0pt
* \headheight=14.0pt
* \headsep=28.0pt
* \topskip=10.0pt
* \footskip=30.0pt
* \marginparwidth=144.0pt
* \marginparsep=24.0pt
* \columnsep=10.0pt
* \skip\footins=9.0pt plus 4.0pt minus 2.0pt
* \hoffset=0.0pt
* \voffset=0.0pt
* \mag=1000
* \@twocolumnfalse
* \@twosidetrue
* \@mparswitchfalse
* \@reversemarginfalse
* (1in=72.27pt=25.4mm, 1cm=28.453pt)

(C:\Users\jwile\AppData\Roaming\MiKTeX\2.9\tex/context/base\supp-pdf.mkii
[Loading MPS to PDF converter (version 2006.09.02).]
\scratchcounter=\count141
\scratchdimen=\dimen160
\scratchbox=\box64
\nofMPsegments=\count142
\nofMParguments=\count143
\everyMPshowfont=\toks28
\MPscratchCnt=\count144
\MPscratchDim=\dimen161
\MPnumerator=\count145
\makeMPintoPDFobject=\count146
\everyMPtoPDFconversion=\toks29
) ("C:\usr\MiKTeX 2.9\tex/latex/oberdiek\epstopdf-base.sty"
Package: epstopdf-base 2016/05/15 v2.6 Base part for package epstopdf
("C:\usr\MiKTeX 2.9\tex/latex/oberdiek\grfext.sty"
Package: grfext 2016/05/16 v1.2 Manage graphics extensions (HO)
)
Package epstopdf-base Info: Redefining graphics rule for `.eps' on input line 4
38.
Package grfext Info: Graphics extension search list:
(grfext)             [.pdf,.png,.jpg,.mps,.jpeg,.jbig2,.jb2,.PDF,.PNG,.JPG,.JPE
G,.JBIG2,.JB2,.eps]
(grfext)             \AppendGraphicsExtensions on input line 456.
)
\langwohyphens=\language82
(Graphs_Pt1.toc)
\tf@toc=\write5
\openout5 = `Graphs_Pt1.toc'.

LaTeX Font Info:    Try loading font information for T1+fvm on input line 119.
(C:\Users\jwile\AppData\Roaming\MiKTeX\2.9\tex/latex/bera\t1fvm.fd
File: t1fvm.fd 2004/09/07 scalable font definitions for T1/fvm.
)
LaTeX Font Info:    Font shape `T1/fvm/m/n' will be
(Font)              scaled to size 8.50006pt on input line 119.
LaTeX Font Info:    Try loading font information for OT1+pplx on input line 120
.
("C:\usr\MiKTeX 2.9\tex/latex/psnfss\ot1pplx.fd"
File: ot1pplx.fd 2004/09/06 font definitions for OT1/pplx.
)
LaTeX Font Info:    Try loading font information for OML+zplm on input line 120
.
("C:\usr\MiKTeX 2.9\tex/latex/psnfss\omlzplm.fd"
File: omlzplm.fd 2002/09/08 Fontinst v1.914 font definitions for OML/zplm.
)
LaTeX Font Info:    Try loading font information for OMS+zplm on input line 120
.
("C:\usr\MiKTeX 2.9\tex/latex/psnfss\omszplm.fd"
File: omszplm.fd 2002/09/08 Fontinst v1.914 font definitions for OMS/zplm.
)
LaTeX Font Info:    Try loading font information for OMX+zplm on input line 120
.
("C:\usr\MiKTeX 2.9\tex/latex/psnfss\omxzplm.fd"
File: omxzplm.fd 2002/09/08 Fontinst v1.914 font definitions for OMX/zplm.
)
LaTeX Font Info:    Try loading font information for OT1+zplm on input line 120
.
("C:\usr\MiKTeX 2.9\tex/latex/psnfss\ot1zplm.fd"
File: ot1zplm.fd 2002/09/08 Fontinst v1.914 font definitions for OT1/zplm.
)
LaTeX Font Info:    Font shape `U/msa/m/n' will be
(Font)              scaled to size 10.42007pt on input line 120.
LaTeX Font Info:    Font shape `U/msa/m/n' will be
(Font)              scaled to size 7.91925pt on input line 120.
LaTeX Font Info:    Font shape `U/msa/m/n' will be
(Font)              scaled to size 6.25204pt on input line 120.
LaTeX Font Info:    Font shape `U/msb/m/n' will be
(Font)              scaled to size 10.42007pt on input line 120.
LaTeX Font Info:    Font shape `U/msb/m/n' will be
(Font)              scaled to size 7.91925pt on input line 120.
LaTeX Font Info:    Font shape `U/msb/m/n' will be
(Font)              scaled to size 6.25204pt on input line 120.
LaTeX Font Info:    Font shape `T1/fvm/bx/n' in size <10> not available
(Font)              Font shape `T1/fvm/b/n' tried instead on input line 124.
LaTeX Font Info:    Font shape `T1/fvm/b/n' will be
(Font)              scaled to size 8.50006pt on input line 124.
LaTeX Font Info:    Font shape `T1/fvm/m/it' in size <10> not available
(Font)              Font shape `T1/fvm/m/sl' tried instead on input line 126.
LaTeX Font Info:    Font shape `T1/fvm/m/sl' will be
(Font)              scaled to size 8.50006pt on input line 126.
[1

{C:/Users/jwile/AppData/Local/MiKTeX/2.9/pdftex/config/pdftex.map}]
LaTeX Font Info:    Font shape `T1/pplj/bx/n' in size <10> not available
(Font)              Font shape `T1/pplj/b/n' tried instead on input line 167.
LaTeX Font Info:    Font shape `U/msa/m/n' will be
(Font)              scaled to size 8.33606pt on input line 205.
LaTeX Font Info:    Font shape `U/msa/m/n' will be
(Font)              scaled to size 5.21004pt on input line 205.
LaTeX Font Info:    Font shape `U/msb/m/n' will be
(Font)              scaled to size 8.33606pt on input line 205.
LaTeX Font Info:    Font shape `U/msb/m/n' will be
(Font)              scaled to size 5.21004pt on input line 205.

LaTeX Warning: Marginpar on page 2 moved.

[2]
<Graphs_Pt1_files/figure-latex/unnamed-chunk-3-1.pdf, id=72, 433.62pt x 361.35p
t>
File: Graphs_Pt1_files/figure-latex/unnamed-chunk-3-1.pdf Graphic file (type pd
f)
<use Graphs_Pt1_files/figure-latex/unnamed-chunk-3-1.pdf>
Package pdftex.def Info: Graphs_Pt1_files/figure-latex/unnamed-chunk-3-1.pdf  u
sed on input line 219.
(pdftex.def)             Requested size: 312.01428pt x 260.0119pt.

Underfull \hbox (badness 10000) in paragraph at lines 219--220

 []


LaTeX Warning: Marginpar on page 3 moved.

<Graphs_Pt1_files/figure-latex/unnamed-chunk-4-1.pdf, id=73, 433.62pt x 361.35p
t>
File: Graphs_Pt1_files/figure-latex/unnamed-chunk-4-1.pdf Graphic file (type pd
f)
<use Graphs_Pt1_files/figure-latex/unnamed-chunk-4-1.pdf>
Package pdftex.def Info: Graphs_Pt1_files/figure-latex/unnamed-chunk-4-1.pdf  u
sed on input line 243.
(pdftex.def)             Requested size: 312.01428pt x 260.0119pt.

Underfull \hbox (badness 10000) in paragraph at lines 243--244

 []


LaTeX Warning: Marginpar on page 3 moved.


LaTeX Warning: Marginpar on page 3 moved.


Overfull \hbox (56.42651pt too wide) in paragraph at lines 265--265
[]\T1/fvm/m/n/10 ## `stat_bindot()` using `bins = 30`. Pick better value with `
binwidth`.[] 
 []

<Graphs_Pt1_files/figure-latex/unnamed-chunk-5-1.pdf, id=74, 433.62pt x 216.81p
t>
File: Graphs_Pt1_files/figure-latex/unnamed-chunk-5-1.pdf Graphic file (type pd
f)
<use Graphs_Pt1_files/figure-latex/unnamed-chunk-5-1.pdf>
Package pdftex.def Info: Graphs_Pt1_files/figure-latex/unnamed-chunk-5-1.pdf  u
sed on input line 268.
(pdftex.def)             Requested size: 312.01428pt x 156.00713pt.

Underfull \hbox (badness 10000) in paragraph at lines 268--269

 []

[3 <./Graphs_Pt1_files/figure-latex/unnamed-chunk-3-1.pdf>] [4 <./Graphs_Pt1_fi
les/figure-latex/unnamed-chunk-4-1.pdf> <./Graphs_Pt1_files/figure-latex/unname
d-chunk-5-1.pdf>]
<Graphs_Pt1_files/figure-latex/unnamed-chunk-6-1.pdf, id=98, 289.08pt x 180.675
pt>
File: Graphs_Pt1_files/figure-latex/unnamed-chunk-6-1.pdf Graphic file (type pd
f)
<use Graphs_Pt1_files/figure-latex/unnamed-chunk-6-1.pdf>
Package pdftex.def Info: Graphs_Pt1_files/figure-latex/unnamed-chunk-6-1.pdf  u
sed on input line 285.
(pdftex.def)             Requested size: 312.01648pt x 195.01028pt.

Overfull \hbox (12.01648pt too wide) in paragraph at lines 285--286
[][]  
 []


LaTeX Warning: Marginpar on page 5 moved.

<Graphs_Pt1_files/figure-latex/unnamed-chunk-7-1.pdf, id=99, 433.62pt x 361.35p
t>
File: Graphs_Pt1_files/figure-latex/unnamed-chunk-7-1.pdf Graphic file (type pd
f)
<use Graphs_Pt1_files/figure-latex/unnamed-chunk-7-1.pdf>
Package pdftex.def Info: Graphs_Pt1_files/figure-latex/unnamed-chunk-7-1.pdf  u
sed on input line 311.
(pdftex.def)             Requested size: 312.01428pt x 260.0119pt.

Underfull \hbox (badness 10000) in paragraph at lines 311--312

 []

<Graphs_Pt1_files/figure-latex/unnamed-chunk-8-1.pdf, id=100, 433.62pt x 361.35
pt>
File: Graphs_Pt1_files/figure-latex/unnamed-chunk-8-1.pdf Graphic file (type pd
f)
<use Graphs_Pt1_files/figure-latex/unnamed-chunk-8-1.pdf>
Package pdftex.def Info: Graphs_Pt1_files/figure-latex/unnamed-chunk-8-1.pdf  u
sed on input line 331.
(pdftex.def)             Requested size: 312.01428pt x 260.0119pt.

Underfull \hbox (badness 10000) in paragraph at lines 331--332

 []

[5 <./Graphs_Pt1_files/figure-latex/unnamed-chunk-6-1.pdf>] [6 <./Graphs_Pt1_fi
les/figure-latex/unnamed-chunk-7-1.pdf> <./Graphs_Pt1_files/figure-latex/unname
d-chunk-8-1.pdf>]
<Graphs_Pt1_files/figure-latex/unnamed-chunk-9-1.pdf, id=125, 433.62pt x 361.35
pt>
File: Graphs_Pt1_files/figure-latex/unnamed-chunk-9-1.pdf Graphic file (type pd
f)
<use Graphs_Pt1_files/figure-latex/unnamed-chunk-9-1.pdf>
Package pdftex.def Info: Graphs_Pt1_files/figure-latex/unnamed-chunk-9-1.pdf  u
sed on input line 349.
(pdftex.def)             Requested size: 312.01428pt x 260.0119pt.

Underfull \hbox (badness 10000) in paragraph at lines 349--350

 []


LaTeX Warning: Marginpar on page 7 moved.


Overfull \hbox (56.42651pt too wide) in paragraph at lines 369--369
[]\T1/fvm/m/n/10 ## `stat_bindot()` using `bins = 30`. Pick better value with `
binwidth`.[] 
 []

<Graphs_Pt1_files/figure-latex/unnamed-chunk-10-1.pdf, id=126, 433.62pt x 361.3
5pt>
File: Graphs_Pt1_files/figure-latex/unnamed-chunk-10-1.pdf Graphic file (type p
df)
<use Graphs_Pt1_files/figure-latex/unnamed-chunk-10-1.pdf>
Package pdftex.def Info: Graphs_Pt1_files/figure-latex/unnamed-chunk-10-1.pdf  
used on input line 372.
(pdftex.def)             Requested size: 312.01428pt x 260.0119pt.

Underfull \hbox (badness 10000) in paragraph at lines 372--373

 []


Overfull \hbox (56.42651pt too wide) in paragraph at lines 388--388
[]\T1/fvm/m/n/10 ## `stat_bindot()` using `bins = 30`. Pick better value with `
binwidth`.[] 
 []

<Graphs_Pt1_files/figure-latex/unnamed-chunk-11-1.pdf, id=127, 433.62pt x 361.3
5pt>
File: Graphs_Pt1_files/figure-latex/unnamed-chunk-11-1.pdf Graphic file (type p
df)
<use Graphs_Pt1_files/figure-latex/unnamed-chunk-11-1.pdf>
Package pdftex.def Info: Graphs_Pt1_files/figure-latex/unnamed-chunk-11-1.pdf  
used on input line 391.
(pdftex.def)             Requested size: 312.01428pt x 260.0119pt.

Underfull \hbox (badness 10000) in paragraph at lines 391--392

 []


LaTeX Warning: Marginpar on page 7 moved.

[7 <./Graphs_Pt1_files/figure-latex/unnamed-chunk-9-1.pdf>] [8 <./Graphs_Pt1_fi
les/figure-latex/unnamed-chunk-10-1.pdf> <./Graphs_Pt1_files/figure-latex/unnam
ed-chunk-11-1.pdf>]
<Graphs_Pt1_files/figure-latex/unnamed-chunk-12-1.pdf, id=154, 361.35pt x 361.3
5pt>
File: Graphs_Pt1_files/figure-latex/unnamed-chunk-12-1.pdf Graphic file (type p
df)
<use Graphs_Pt1_files/figure-latex/unnamed-chunk-12-1.pdf>
Package pdftex.def Info: Graphs_Pt1_files/figure-latex/unnamed-chunk-12-1.pdf  
used on input line 437.
(pdftex.def)             Requested size: 312.00105pt x 312.00105pt.

Underfull \hbox (badness 10000) in paragraph at lines 437--438

 []

[9 <./Graphs_Pt1_files/figure-latex/unnamed-chunk-12-1.pdf>]
<Graphs_Pt1_files/figure-latex/unnamed-chunk-13-1.pdf, id=167, 433.62pt x 361.3
5pt>
File: Graphs_Pt1_files/figure-latex/unnamed-chunk-13-1.pdf Graphic file (type p
df)
<use Graphs_Pt1_files/figure-latex/unnamed-chunk-13-1.pdf>
Package pdftex.def Info: Graphs_Pt1_files/figure-latex/unnamed-chunk-13-1.pdf  
used on input line 451.
(pdftex.def)             Requested size: 312.01428pt x 260.0119pt.

Underfull \hbox (badness 10000) in paragraph at lines 451--452

 []

<Graphs_Pt1_files/figure-latex/unnamed-chunk-14-1.pdf, id=168, 433.62pt x 361.3
5pt>
File: Graphs_Pt1_files/figure-latex/unnamed-chunk-14-1.pdf Graphic file (type p
df)
<use Graphs_Pt1_files/figure-latex/unnamed-chunk-14-1.pdf>
Package pdftex.def Info: Graphs_Pt1_files/figure-latex/unnamed-chunk-14-1.pdf  
used on input line 466.
(pdftex.def)             Requested size: 312.01428pt x 260.0119pt.

Underfull \hbox (badness 10000) in paragraph at lines 466--467

 []

[10 <./Graphs_Pt1_files/figure-latex/unnamed-chunk-13-1.pdf>]
<Graphs_Pt1_files/figure-latex/unnamed-chunk-15-1.pdf, id=178, 433.62pt x 361.3
5pt>
File: Graphs_Pt1_files/figure-latex/unnamed-chunk-15-1.pdf Graphic file (type p
df)
<use Graphs_Pt1_files/figure-latex/unnamed-chunk-15-1.pdf>
Package pdftex.def Info: Graphs_Pt1_files/figure-latex/unnamed-chunk-15-1.pdf  
used on input line 493.
(pdftex.def)             Requested size: 312.01428pt x 260.0119pt.

Underfull \hbox (badness 10000) in paragraph at lines 493--494

 []

<Graphs_Pt1_files/figure-latex/unnamed-chunk-15-2.pdf, id=179, 433.62pt x 361.3
5pt>
File: Graphs_Pt1_files/figure-latex/unnamed-chunk-15-2.pdf Graphic file (type p
df)
<use Graphs_Pt1_files/figure-latex/unnamed-chunk-15-2.pdf>
Package pdftex.def Info: Graphs_Pt1_files/figure-latex/unnamed-chunk-15-2.pdf  
used on input line 505.
(pdftex.def)             Requested size: 312.01428pt x 260.0119pt.

Underfull \hbox (badness 10000) in paragraph at lines 505--506

 []

LaTeX Font Info:    Try loading font information for TS1+pplj on input line 523
.
("C:\usr\MiKTeX 2.9\tex/latex/psnfss\ts1pplj.fd"
File: ts1pplj.fd 2004/09/06 font definitions for TS1/pplj.
) [11 <./Graphs_Pt1_files/figure-latex/unnamed-chunk-14-1.pdf>] [12 <./Graphs_P
t1_files/figure-latex/unnamed-chunk-15-1.pdf> <./Graphs_Pt1_files/figure-latex/
unnamed-chunk-15-2.pdf>]
<Graphs_Pt1_files/figure-latex/unnamed-chunk-16-1.pdf, id=211, 433.62pt x 361.3
5pt>
File: Graphs_Pt1_files/figure-latex/unnamed-chunk-16-1.pdf Graphic file (type p
df)
<use Graphs_Pt1_files/figure-latex/unnamed-chunk-16-1.pdf>
Package pdftex.def Info: Graphs_Pt1_files/figure-latex/unnamed-chunk-16-1.pdf  
used on input line 548.
(pdftex.def)             Requested size: 312.01428pt x 260.0119pt.

Underfull \hbox (badness 10000) in paragraph at lines 548--549

 []

<Graphs_Pt1_files/figure-latex/unnamed-chunk-17-1.pdf, id=212, 433.62pt x 361.3
5pt>
File: Graphs_Pt1_files/figure-latex/unnamed-chunk-17-1.pdf Graphic file (type p
df)
<use Graphs_Pt1_files/figure-latex/unnamed-chunk-17-1.pdf>
Package pdftex.def Info: Graphs_Pt1_files/figure-latex/unnamed-chunk-17-1.pdf  
used on input line 564.
(pdftex.def)             Requested size: 312.01428pt x 260.0119pt.

Underfull \hbox (badness 10000) in paragraph at lines 564--565

 []

<Graphs_Pt1_files/figure-latex/unnamed-chunk-18-1.pdf, id=213, 433.62pt x 361.3
5pt>
File: Graphs_Pt1_files/figure-latex/unnamed-chunk-18-1.pdf Graphic file (type p
df)
<use Graphs_Pt1_files/figure-latex/unnamed-chunk-18-1.pdf>
Package pdftex.def Info: Graphs_Pt1_files/figure-latex/unnamed-chunk-18-1.pdf  
used on input line 578.
(pdftex.def)             Requested size: 312.01428pt x 260.0119pt.

Underfull \hbox (badness 10000) in paragraph at lines 578--579

 []

[13 <./Graphs_Pt1_files/figure-latex/unnamed-chunk-16-1.pdf>] [14 <./Graphs_Pt1
_files/figure-latex/unnamed-chunk-17-1.pdf> <./Graphs_Pt1_files/figure-latex/un
named-chunk-18-1.pdf>]
<Graphs_Pt1_files/figure-latex/unnamed-chunk-19-1.pdf, id=238, 433.62pt x 361.3
5pt>
File: Graphs_Pt1_files/figure-latex/unnamed-chunk-19-1.pdf Graphic file (type p
df)
<use Graphs_Pt1_files/figure-latex/unnamed-chunk-19-1.pdf>
Package pdftex.def Info: Graphs_Pt1_files/figure-latex/unnamed-chunk-19-1.pdf  
used on input line 596.
(pdftex.def)             Requested size: 312.01428pt x 260.0119pt.

Underfull \hbox (badness 10000) in paragraph at lines 596--597

 []

<Graphs_Pt1_files/figure-latex/unnamed-chunk-20-1.pdf, id=239, 361.35pt x 289.0
8pt>
File: Graphs_Pt1_files/figure-latex/unnamed-chunk-20-1.pdf Graphic file (type p
df)
<use Graphs_Pt1_files/figure-latex/unnamed-chunk-20-1.pdf>
Package pdftex.def Info: Graphs_Pt1_files/figure-latex/unnamed-chunk-20-1.pdf  
used on input line 617.
(pdftex.def)             Requested size: 312.00105pt x 249.60083pt.

Underfull \hbox (badness 10000) in paragraph at lines 617--618

 []

<Graphs_Pt1_files/figure-latex/unnamed-chunk-21-1.pdf, id=240, 361.35pt x 361.3
5pt>
File: Graphs_Pt1_files/figure-latex/unnamed-chunk-21-1.pdf Graphic file (type p
df)
<use Graphs_Pt1_files/figure-latex/unnamed-chunk-21-1.pdf>
Package pdftex.def Info: Graphs_Pt1_files/figure-latex/unnamed-chunk-21-1.pdf  
used on input line 630.
(pdftex.def)             Requested size: 312.00105pt x 312.00105pt.

Underfull \hbox (badness 10000) in paragraph at lines 630--631

 []

[15 <./Graphs_Pt1_files/figure-latex/unnamed-chunk-19-1.pdf>]
<Graphs_Pt1_files/figure-latex/unnamed-chunk-22-1.pdf, id=250, 361.35pt x 361.3
5pt>
File: Graphs_Pt1_files/figure-latex/unnamed-chunk-22-1.pdf Graphic file (type p
df)
<use Graphs_Pt1_files/figure-latex/unnamed-chunk-22-1.pdf>
Package pdftex.def Info: Graphs_Pt1_files/figure-latex/unnamed-chunk-22-1.pdf  
used on input line 643.
(pdftex.def)             Requested size: 312.00105pt x 312.00105pt.

Underfull \hbox (badness 10000) in paragraph at lines 643--644

 []

<Graphs_Pt1_files/figure-latex/unnamed-chunk-23-1.pdf, id=251, 361.35pt x 361.3
5pt>
File: Graphs_Pt1_files/figure-latex/unnamed-chunk-23-1.pdf Graphic file (type p
df)
<use Graphs_Pt1_files/figure-latex/unnamed-chunk-23-1.pdf>
Package pdftex.def Info: Graphs_Pt1_files/figure-latex/unnamed-chunk-23-1.pdf  
used on input line 660.
(pdftex.def)             Requested size: 312.00105pt x 312.00105pt.

Underfull \hbox (badness 10000) in paragraph at lines 660--661

 []

LaTeX Font Info:    Font shape `T1/fvm/m/n' will be
(Font)              scaled to size 6.80005pt on input line 680.
LaTeX Font Info:    Font shape `T1/pplj/bx/n' in size <8> not available
(Font)              Font shape `T1/pplj/b/n' tried instead on input line 680.

LaTeX Warning: Marginpar on page 16 moved.

[16 <./Graphs_Pt1_files/figure-latex/unnamed-chunk-20-1.pdf>] [17 <./Graphs_Pt1
_files/figure-latex/unnamed-chunk-21-1.pdf>] [18 <./Graphs_Pt1_files/figure-lat
ex/unnamed-chunk-22-1.pdf>] [19 <./Graphs_Pt1_files/figure-latex/unnamed-chunk-
23-1.pdf>]
<Graphs_Pt1_files/figure-latex/unnamed-chunk-24-1.pdf, id=291, 361.35pt x 361.3
5pt>
File: Graphs_Pt1_files/figure-latex/unnamed-chunk-24-1.pdf Graphic file (type p
df)
<use Graphs_Pt1_files/figure-latex/unnamed-chunk-24-1.pdf>
Package pdftex.def Info: Graphs_Pt1_files/figure-latex/unnamed-chunk-24-1.pdf  
used on input line 692.
(pdftex.def)             Requested size: 312.00105pt x 312.00105pt.

Underfull \hbox (badness 10000) in paragraph at lines 692--693

 []

[20 <./Graphs_Pt1_files/figure-latex/unnamed-chunk-24-1.pdf>]
<Graphs_Pt1_files/figure-latex/unnamed-chunk-25-1.pdf, id=302, 433.62pt x 361.3
5pt>
File: Graphs_Pt1_files/figure-latex/unnamed-chunk-25-1.pdf Graphic file (type p
df)
<use Graphs_Pt1_files/figure-latex/unnamed-chunk-25-1.pdf>
Package pdftex.def Info: Graphs_Pt1_files/figure-latex/unnamed-chunk-25-1.pdf  
used on input line 723.
(pdftex.def)             Requested size: 312.01428pt x 260.0119pt.

Underfull \hbox (badness 10000) in paragraph at lines 723--724

 []


LaTeX Warning: Marginpar on page 21 moved.

<Graphs_Pt1_files/figure-latex/unnamed-chunk-26-1.pdf, id=304, 433.62pt x 361.3
5pt>
File: Graphs_Pt1_files/figure-latex/unnamed-chunk-26-1.pdf Graphic file (type p
df)
<use Graphs_Pt1_files/figure-latex/unnamed-chunk-26-1.pdf>
Package pdftex.def Info: Graphs_Pt1_files/figure-latex/unnamed-chunk-26-1.pdf  
used on input line 752.
(pdftex.def)             Requested size: 312.01428pt x 260.0119pt.

Underfull \hbox (badness 10000) in paragraph at lines 752--753

 []

[21 <./Graphs_Pt1_files/figure-latex/unnamed-chunk-25-1.pdf>]
<Graphs_Pt1_files/figure-latex/unnamed-chunk-27-1.pdf, id=316, 433.62pt x 361.3
5pt>
File: Graphs_Pt1_files/figure-latex/unnamed-chunk-27-1.pdf Graphic file (type p
df)
<use Graphs_Pt1_files/figure-latex/unnamed-chunk-27-1.pdf>
Package pdftex.def Info: Graphs_Pt1_files/figure-latex/unnamed-chunk-27-1.pdf  
used on input line 773.
(pdftex.def)             Requested size: 312.01428pt x 260.0119pt.

Underfull \hbox (badness 10000) in paragraph at lines 773--774

 []

[22 <./Graphs_Pt1_files/figure-latex/unnamed-chunk-26-1.pdf>]
<Graphs_Pt1_files/figure-latex/unnamed-chunk-28-1.pdf, id=326, 433.62pt x 361.3
5pt>
File: Graphs_Pt1_files/figure-latex/unnamed-chunk-28-1.pdf Graphic file (type p
df)
<use Graphs_Pt1_files/figure-latex/unnamed-chunk-28-1.pdf>
Package pdftex.def Info: Graphs_Pt1_files/figure-latex/unnamed-chunk-28-1.pdf  
used on input line 795.
(pdftex.def)             Requested size: 312.01428pt x 260.0119pt.

Underfull \hbox (badness 10000) in paragraph at lines 795--796

 []

<Graphs_Pt1_files/figure-latex/unnamed-chunk-29-1.pdf, id=327, 433.62pt x 361.3
5pt>
File: Graphs_Pt1_files/figure-latex/unnamed-chunk-29-1.pdf Graphic file (type p
df)
<use Graphs_Pt1_files/figure-latex/unnamed-chunk-29-1.pdf>
Package pdftex.def Info: Graphs_Pt1_files/figure-latex/unnamed-chunk-29-1.pdf  
used on input line 814.
(pdftex.def)             Requested size: 312.01428pt x 260.0119pt.

Underfull \hbox (badness 10000) in paragraph at lines 814--815

 []


Overfull \hbox (61.54355pt too wide) in paragraph at lines 835--835
[]\T1/fvm/m/n/10 ## `geom_smooth()` using method = 'gam' and formula 'y ~ s(x, 
bs = "cs")'[] 
 []

[23 <./Graphs_Pt1_files/figure-latex/unnamed-chunk-27-1.pdf>] [24 <./Graphs_Pt1
_files/figure-latex/unnamed-chunk-28-1.pdf> <./Graphs_Pt1_files/figure-latex/un
named-chunk-29-1.pdf>]
<Graphs_Pt1_files/figure-latex/unnamed-chunk-30-1.pdf, id=363, 433.62pt x 361.3
5pt>
File: Graphs_Pt1_files/figure-latex/unnamed-chunk-30-1.pdf Graphic file (type p
df)
<use Graphs_Pt1_files/figure-latex/unnamed-chunk-30-1.pdf>
Package pdftex.def Info: Graphs_Pt1_files/figure-latex/unnamed-chunk-30-1.pdf  
used on input line 838.
(pdftex.def)             Requested size: 312.01428pt x 260.0119pt.

Underfull \hbox (badness 10000) in paragraph at lines 838--839

 []


LaTeX Warning: Marginpar on page 25 moved.

<Graphs_Pt1_files/figure-latex/unnamed-chunk-32-1.pdf, id=365, 433.62pt x 361.3
5pt>
File: Graphs_Pt1_files/figure-latex/unnamed-chunk-32-1.pdf Graphic file (type p
df)
<use Graphs_Pt1_files/figure-latex/unnamed-chunk-32-1.pdf>
Package pdftex.def Info: Graphs_Pt1_files/figure-latex/unnamed-chunk-32-1.pdf  
used on input line 889.
(pdftex.def)             Requested size: 312.01428pt x 260.0119pt.

Underfull \hbox (badness 10000) in paragraph at lines 889--890

 []

[25 <./Graphs_Pt1_files/figure-latex/unnamed-chunk-30-1.pdf>]
<Graphs_Pt1_files/figure-latex/unnamed-chunk-32-2.pdf, id=382, 433.62pt x 361.3
5pt>
File: Graphs_Pt1_files/figure-latex/unnamed-chunk-32-2.pdf Graphic file (type p
df)
<use Graphs_Pt1_files/figure-latex/unnamed-chunk-32-2.pdf>
Package pdftex.def Info: Graphs_Pt1_files/figure-latex/unnamed-chunk-32-2.pdf  
used on input line 903.
(pdftex.def)             Requested size: 312.01428pt x 260.0119pt.

Underfull \hbox (badness 10000) in paragraph at lines 903--904

 []

<Graphs_Pt1_files/figure-latex/unnamed-chunk-33-1.pdf, id=383, 433.62pt x 361.3
5pt>
File: Graphs_Pt1_files/figure-latex/unnamed-chunk-33-1.pdf Graphic file (type p
df)
<use Graphs_Pt1_files/figure-latex/unnamed-chunk-33-1.pdf>
Package pdftex.def Info: Graphs_Pt1_files/figure-latex/unnamed-chunk-33-1.pdf  
used on input line 922.
(pdftex.def)             Requested size: 312.01428pt x 260.0119pt.

Underfull \hbox (badness 10000) in paragraph at lines 922--923

 []

<Graphs_Pt1_files/figure-latex/unnamed-chunk-33-2.pdf, id=384, 433.62pt x 361.3
5pt>
File: Graphs_Pt1_files/figure-latex/unnamed-chunk-33-2.pdf Graphic file (type p
df)
<use Graphs_Pt1_files/figure-latex/unnamed-chunk-33-2.pdf>
Package pdftex.def Info: Graphs_Pt1_files/figure-latex/unnamed-chunk-33-2.pdf  
used on input line 934.
(pdftex.def)             Requested size: 312.01428pt x 260.0119pt.

Underfull \hbox (badness 10000) in paragraph at lines 934--935

 []

[26 <./Graphs_Pt1_files/figure-latex/unnamed-chunk-32-1.pdf>] [27 <./Graphs_Pt1
_files/figure-latex/unnamed-chunk-32-2.pdf> <./Graphs_Pt1_files/figure-latex/un
named-chunk-33-1.pdf>]
<Graphs_Pt1_files/figure-latex/unnamed-chunk-34-1.pdf, id=409, 433.62pt x 361.3
5pt>
File: Graphs_Pt1_files/figure-latex/unnamed-chunk-34-1.pdf Graphic file (type p
df)
<use Graphs_Pt1_files/figure-latex/unnamed-chunk-34-1.pdf>
Package pdftex.def Info: Graphs_Pt1_files/figure-latex/unnamed-chunk-34-1.pdf  
used on input line 953.
(pdftex.def)             Requested size: 312.01428pt x 260.0119pt.

Underfull \hbox (badness 10000) in paragraph at lines 953--954

 []


Overfull \hbox (9.28983pt too wide) in paragraph at lines 956--981
[]\T1/pplj/m/n/10 One last op-tion we will look at for large amounts of two-dim
ensional 
 []


LaTeX Warning: Marginpar on page 28 moved.

<Graphs_Pt1_files/figure-latex/unnamed-chunk-35-1.pdf, id=410, 433.62pt x 361.3
5pt>
File: Graphs_Pt1_files/figure-latex/unnamed-chunk-35-1.pdf Graphic file (type p
df)
<use Graphs_Pt1_files/figure-latex/unnamed-chunk-35-1.pdf>
Package pdftex.def Info: Graphs_Pt1_files/figure-latex/unnamed-chunk-35-1.pdf  
used on input line 993.
(pdftex.def)             Requested size: 312.01428pt x 260.0119pt.

Underfull \hbox (badness 10000) in paragraph at lines 993--994

 []

[28 <./Graphs_Pt1_files/figure-latex/unnamed-chunk-33-2.pdf>] [29 <./Graphs_Pt1
_files/figure-latex/unnamed-chunk-34-1.pdf> <./Graphs_Pt1_files/figure-latex/un
named-chunk-35-1.pdf>]
<Graphs_Pt1_files/figure-latex/unnamed-chunk-36-1.pdf, id=437, 433.62pt x 361.3
5pt>
File: Graphs_Pt1_files/figure-latex/unnamed-chunk-36-1.pdf Graphic file (type p
df)
<use Graphs_Pt1_files/figure-latex/unnamed-chunk-36-1.pdf>
Package pdftex.def Info: Graphs_Pt1_files/figure-latex/unnamed-chunk-36-1.pdf  
used on input line 1016.
(pdftex.def)             Requested size: 312.01428pt x 260.0119pt.

Underfull \hbox (badness 10000) in paragraph at lines 1016--1017

 []

[30 <./Graphs_Pt1_files/figure-latex/unnamed-chunk-36-1.pdf>]

LaTeX Warning: Marginpar on page 31 moved.

<Graphs_Pt1_files/figure-latex/unnamed-chunk-37-1.pdf, id=450, 433.62pt x 361.3
5pt>
File: Graphs_Pt1_files/figure-latex/unnamed-chunk-37-1.pdf Graphic file (type p
df)
<use Graphs_Pt1_files/figure-latex/unnamed-chunk-37-1.pdf>
Package pdftex.def Info: Graphs_Pt1_files/figure-latex/unnamed-chunk-37-1.pdf  
used on input line 1081.
(pdftex.def)             Requested size: 312.01428pt x 260.0119pt.

Underfull \hbox (badness 10000) in paragraph at lines 1081--1082

 []

<Graphs_Pt1_files/figure-latex/unnamed-chunk-38-1.pdf, id=451, 433.62pt x 361.3
5pt>
File: Graphs_Pt1_files/figure-latex/unnamed-chunk-38-1.pdf Graphic file (type p
df)
<use Graphs_Pt1_files/figure-latex/unnamed-chunk-38-1.pdf>
Package pdftex.def Info: Graphs_Pt1_files/figure-latex/unnamed-chunk-38-1.pdf  
used on input line 1097.
(pdftex.def)             Requested size: 312.01428pt x 260.0119pt.

Underfull \hbox (badness 10000) in paragraph at lines 1097--1098

 []


Overfull \hbox (0.13913pt too wide) in paragraph at lines 1113--1113
[]\T1/fvm/m/n/10 ## `geom_smooth()` using method = 'loess' and formula 'y ~ x'[
] 
 []

<Graphs_Pt1_files/figure-latex/unnamed-chunk-39-1.pdf, id=452, 433.62pt x 361.3
5pt>
File: Graphs_Pt1_files/figure-latex/unnamed-chunk-39-1.pdf Graphic file (type p
df)
<use Graphs_Pt1_files/figure-latex/unnamed-chunk-39-1.pdf>
Package pdftex.def Info: Graphs_Pt1_files/figure-latex/unnamed-chunk-39-1.pdf  
used on input line 1116.
(pdftex.def)             Requested size: 312.01428pt x 260.0119pt.

Underfull \hbox (badness 10000) in paragraph at lines 1116--1117

 []

[31] [32 <./Graphs_Pt1_files/figure-latex/unnamed-chunk-37-1.pdf> <./Graphs_Pt1
_files/figure-latex/unnamed-chunk-38-1.pdf>]
Overfull \hbox (0.13913pt too wide) in paragraph at lines 1132--1132
[]\T1/fvm/m/n/10 ## `geom_smooth()` using method = 'loess' and formula 'y ~ x'[
] 
 []

<Graphs_Pt1_files/figure-latex/unnamed-chunk-40-1.pdf, id=475, 433.62pt x 361.3
5pt>
File: Graphs_Pt1_files/figure-latex/unnamed-chunk-40-1.pdf Graphic file (type p
df)
<use Graphs_Pt1_files/figure-latex/unnamed-chunk-40-1.pdf>
Package pdftex.def Info: Graphs_Pt1_files/figure-latex/unnamed-chunk-40-1.pdf  
used on input line 1135.
(pdftex.def)             Requested size: 312.01428pt x 260.0119pt.

Underfull \hbox (badness 10000) in paragraph at lines 1135--1136

 []

<Graphs_Pt1_files/figure-latex/unnamed-chunk-41-1.pdf, id=476, 433.62pt x 361.3
5pt>
File: Graphs_Pt1_files/figure-latex/unnamed-chunk-41-1.pdf Graphic file (type p
df)
<use Graphs_Pt1_files/figure-latex/unnamed-chunk-41-1.pdf>
Package pdftex.def Info: Graphs_Pt1_files/figure-latex/unnamed-chunk-41-1.pdf  
used on input line 1152.
(pdftex.def)             Requested size: 312.01428pt x 260.0119pt.

Underfull \hbox (badness 10000) in paragraph at lines 1152--1153

 []

[33 <./Graphs_Pt1_files/figure-latex/unnamed-chunk-39-1.pdf>] [34 <./Graphs_Pt1
_files/figure-latex/unnamed-chunk-40-1.pdf> <./Graphs_Pt1_files/figure-latex/un
named-chunk-41-1.pdf>]

Package bibentry Warning: You have used \nobibliography* 
(bibentry)                without a following \bibliography.
(bibentry)                You may not be able to run BibTeX.

Package atveryend Info: Empty hook `BeforeClearDocument' on input line 1182.
[35]
Package atveryend Info: Empty hook `AfterLastShipout' on input line 1182.
(Graphs_Pt1.aux)
Package atveryend Info: Executing hook `AtVeryEndDocument' on input line 1182.
Package atveryend Info: Executing hook `AtEndAfterFileList' on input line 1182.

Package rerunfilecheck Info: File `Graphs_Pt1.out' has not changed.
(rerunfilecheck)             Checksum: D27389B428520A6C7D6A7E7C69C4BAF4;906.
Package atveryend Info: Empty hook `AtVeryVeryEnd' on input line 1182.
 ) 
Here is how much of TeX's memory you used:
 14236 strings out of 492895
 207821 string characters out of 3138119
 310504 words of memory out of 3000000
 17738 multiletter control sequences out of 15000+200000
 66175 words of font info for 110 fonts, out of 3000000 for 9000
 1141 hyphenation exceptions out of 8191
 45i,11n,45p,428b,502s stack positions out of 5000i,500n,10000p,200000b,50000s
{C:/usr/MiKTeX 2.9/fonts/enc/dvips/base/8r.enc}<C:/Users/jwile/AppData/Roamin
g/MiKTeX/2.9/fonts/type1/public/fpl/fplbj8a.pfb><C:/Users/jwile/AppData/Roaming
/MiKTeX/2.9/fonts/type1/public/fpl/fplrc8a.pfb><C:/Users/jwile/AppData/Roaming/
MiKTeX/2.9/fonts/type1/public/fpl/fplrij8a.pfb><C:/Users/jwile/AppData/Roaming/
MiKTeX/2.9/fonts/type1/bera/fvmb8a.pfb><C:/Users/jwile/AppData/Roaming/MiKTeX/2
.9/fonts/type1/bera/fvmr8a.pfb><C:/Users/jwile/AppData/Roaming/MiKTeX/2.9/fonts
/type1/bera/fvmro8a.pfb><C:/usr/MiKTeX 2.9/fonts/type1/urw/palatino/uplb8a.pfb>
<C:/usr/MiKTeX 2.9/fonts/type1/urw/palatino/uplr8a.pfb><C:/usr/MiKTeX 2.9/fonts
/type1/urw/palatino/uplri8a.pfb>
Output written on Graphs_Pt1.pdf (35 pages, 5020747 bytes).
PDF statistics:
 553 PDF objects out of 1000 (max. 8388607)
 65 named destinations out of 1000 (max. 500000)
 1278 words of extra memory for PDF output out of 10000 (max. 10000000)

